# JRE version: Java(TM) SE Runtime Environment (18.0.1.1+2) (build 18.0.1.1+2-6)
# Java VM: Java HotSpot(TM) 64-Bit Server VM (18.0.1.1+2-6, mixed mode, sharing, tiered, compressed oops, compressed class ptrs, g1 gc, windows-amd64)
GC Precious Log:
 CardTable entry size: 512
 Card Set container configuration: InlinePtr #cards 5 size 8 Array Of Cards #cards 12 size 40 Howl #buckets 4 coarsen threshold 1843 Howl Bitmap #cards 512 size 80 coarsen threshold 460 Card regions per heap region 1 cards per card region 2048
 CPUs: 4 total, 4 available
 Memory: 8098M
 Large Page Support: Disabled
 NUMA Support: Disabled
 Compressed Oops: Enabled (32-bit)
 Heap Region Size: 1M
 Heap Min Capacity: 256M
 Heap Initial Capacity: 256M
 Heap Max Capacity: 512M
 Pre-touch: Disabled
 Parallel Workers: 4
 Concurrent Workers: 1
 Concurrent Refinement Workers: 4
 Periodic GC: Disabled
Heap:
 garbage-first heap   total 267264K, used 157382K [0x00000000e0000000, 0x0000000100000000)
  region size 1024K, 11 young (11264K), 3 survivors (3072K)
 Metaspace       used 73844K, committed 77696K, reserved 344064K
  class space    used 9632K, committed 11072K, reserved 212992K
GC Heap History (20 events):
Event: 9.615 GC heap before
{Heap before GC invocations=8 (full 0):
 garbage-first heap   total 262144K, used 209398K [0x00000000e0000000, 0x0000000100000000)
  region size 1024K, 143 young (146432K), 4 survivors (4096K)
 Metaspace       used 46846K, committed 48256K, reserved 278528K
  class space    used 6479K, committed 7232K, reserved 212992K
}
Event: 9.634 GC heap after
{Heap after GC invocations=9 (full 0):
 garbage-first heap   total 262144K, used 76086K [0x00000000e0000000, 0x0000000100000000)
  region size 1024K, 13 young (13312K), 13 survivors (13312K)
 Metaspace       used 46846K, committed 48256K, reserved 278528K
  class space    used 6479K, committed 7232K, reserved 212992K
}
Event: 12.238 GC heap before
{Heap before GC invocations=9 (full 0):
 garbage-first heap   total 262144K, used 237878K [0x00000000e0000000, 0x0000000100000000)
  region size 1024K, 136 young (139264K), 13 survivors (13312K)
 Metaspace       used 58146K, committed 59840K, reserved 278528K
  class space    used 8178K, committed 9024K, reserved 212992K
}
Event: 12.271 GC heap after
{Heap after GC invocations=10 (full 0):
 garbage-first heap   total 267264K, used 126960K [0x00000000e0000000, 0x0000000100000000)
  region size 1024K, 14 young (14336K), 14 survivors (14336K)
 Metaspace       used 58146K, committed 59840K, reserved 278528K
  class space    used 8178K, committed 9024K, reserved 212992K
}
Event: 12.329 GC heap before
{Heap before GC invocations=10 (full 0):
 garbage-first heap   total 267264K, used 129008K [0x00000000e0000000, 0x0000000100000000)
  region size 1024K, 17 young (17408K), 14 survivors (14336K)
 Metaspace       used 58413K, committed 60096K, reserved 278528K
  class space    used 8227K, committed 9088K, reserved 212992K
}
Event: 12.346 GC heap after
{Heap after GC invocations=11 (full 0):
 garbage-first heap   total 267264K, used 127449K [0x00000000e0000000, 0x0000000100000000)
  region size 1024K, 2 young (2048K), 2 survivors (2048K)
 Metaspace       used 58413K, committed 60096K, reserved 278528K
  class space    used 8227K, committed 9088K, reserved 212992K
}
Event: 14.647 GC heap before
{Heap before GC invocations=12 (full 0):
 garbage-first heap   total 267264K, used 216537K [0x00000000e0000000, 0x0000000100000000)
  region size 1024K, 89 young (91136K), 2 survivors (2048K)
 Metaspace       used 62156K, committed 63936K, reserved 278528K
  class space    used 8619K, committed 9536K, reserved 212992K
}
Event: 14.658 GC heap after
{Heap after GC invocations=13 (full 0):
 garbage-first heap   total 267264K, used 131570K [0x00000000e0000000, 0x0000000100000000)
  region size 1024K, 6 young (6144K), 6 survivors (6144K)
 Metaspace       used 62156K, committed 63936K, reserved 278528K
  class space    used 8619K, committed 9536K, reserved 212992K
}
Event: 17.567 GC heap before
{Heap before GC invocations=13 (full 0):
 garbage-first heap   total 267264K, used 217586K [0x00000000e0000000, 0x0000000100000000)
  region size 1024K, 91 young (93184K), 6 survivors (6144K)
 Metaspace       used 71047K, committed 72896K, reserved 278528K
  class space    used 9615K, committed 10560K, reserved 212992K
}
Event: 17.586 GC heap after
{Heap after GC invocations=14 (full 0):
 garbage-first heap   total 267264K, used 137216K [0x00000000e0000000, 0x0000000100000000)
  region size 1024K, 11 young (11264K), 11 survivors (11264K)
 Metaspace       used 71047K, committed 72896K, reserved 278528K
  class space    used 9615K, committed 10560K, reserved 212992K
}
Event: 19.961 GC heap before
{Heap before GC invocations=15 (full 0):
 garbage-first heap   total 267264K, used 220160K [0x00000000e0000000, 0x0000000100000000)
  region size 1024K, 92 young (94208K), 11 survivors (11264K)
 Metaspace       used 72016K, committed 73856K, reserved 278528K
  class space    used 9694K, committed 10624K, reserved 212992K
}
Event: 19.989 GC heap after
{Heap after GC invocations=16 (full 0):
 garbage-first heap   total 267264K, used 142771K [0x00000000e0000000, 0x0000000100000000)
  region size 1024K, 12 young (12288K), 12 survivors (12288K)
 Metaspace       used 72016K, committed 73856K, reserved 278528K
  class space    used 9694K, committed 10624K, reserved 212992K
}
Event: 500.958 GC heap before
{Heap before GC invocations=16 (full 0):
 garbage-first heap   total 267264K, used 218547K [0x00000000e0000000, 0x0000000100000000)
  region size 1024K, 87 young (89088K), 12 survivors (12288K)
 Metaspace       used 75708K, committed 77696K, reserved 344064K
  class space    used 10110K, committed 11072K, reserved 212992K
}
Event: 500.978 GC heap after
{Heap after GC invocations=17 (full 0):
 garbage-first heap   total 267264K, used 148040K [0x00000000e0000000, 0x0000000100000000)
  region size 1024K, 11 young (11264K), 11 survivors (11264K)
 Metaspace       used 75708K, committed 77696K, reserved 344064K
  class space    used 10110K, committed 11072K, reserved 212992K
}
Event: 502.097 GC heap before
{Heap before GC invocations=18 (full 0):
 garbage-first heap   total 267264K, used 221768K [0x00000000e0000000, 0x0000000100000000)
  region size 1024K, 83 young (84992K), 11 survivors (11264K)
 Metaspace       used 73678K, committed 77696K, reserved 344064K
  class space    used 9623K, committed 11072K, reserved 212992K
}
Event: 502.120 GC heap after
{Heap after GC invocations=19 (full 0):
 garbage-first heap   total 267264K, used 150528K [0x00000000e0000000, 0x0000000100000000)
  region size 1024K, 8 young (8192K), 8 survivors (8192K)
 Metaspace       used 73678K, committed 77696K, reserved 344064K
  class space    used 9623K, committed 11072K, reserved 212992K
}
Event: 502.248 GC heap before
{Heap before GC invocations=19 (full 0):
 garbage-first heap   total 267264K, used 154624K [0x00000000e0000000, 0x0000000100000000)
  region size 1024K, 13 young (13312K), 8 survivors (8192K)
 Metaspace       used 73700K, committed 77696K, reserved 344064K
  class space    used 9623K, committed 11072K, reserved 212992K
}
Event: 502.266 GC heap after
{Heap after GC invocations=20 (full 0):
 garbage-first heap   total 267264K, used 150176K [0x00000000e0000000, 0x0000000100000000)
  region size 1024K, 2 young (2048K), 2 survivors (2048K)
 Metaspace       used 73700K, committed 77696K, reserved 344064K
  class space    used 9623K, committed 11072K, reserved 212992K
}
Event: 502.742 GC heap before
{Heap before GC invocations=20 (full 0):
 garbage-first heap   total 267264K, used 221856K [0x00000000e0000000, 0x0000000100000000)
  region size 1024K, 73 young (74752K), 2 survivors (2048K)
 Metaspace       used 73809K, committed 77696K, reserved 344064K
  class space    used 9630K, committed 11072K, reserved 212992K
}
Event: 502.747 GC heap after
{Heap after GC invocations=21 (full 0):
 garbage-first heap   total 267264K, used 151238K [0x00000000e0000000, 0x0000000100000000)
  region size 1024K, 3 young (3072K), 3 survivors (3072K)
 Metaspace       used 73809K, committed 77696K, reserved 344064K
  class space    used 9630K, committed 11072K, reserved 212992K
}

