# JRE version: Java(TM) SE Runtime Environment (18.0.1.1+2) (build 18.0.1.1+2-6)
# Java VM: Java HotSpot(TM) 64-Bit Server VM (18.0.1.1+2-6, mixed mode, sharing, tiered, compressed oops, compressed class ptrs, g1 gc, windows-amd64)
GC Precious Log:
 CardTable entry size: 512
 Card Set container configuration: InlinePtr #cards 5 size 8 Array Of Cards #cards 12 size 40 Howl #buckets 4 coarsen threshold 1843 Howl Bitmap #cards 512 size 80 coarsen threshold 460 Card regions per heap region 1 cards per card region 2048
 CPUs: 4 total, 4 available
 Memory: 8098M
 Large Page Support: Disabled
 NUMA Support: Disabled
 Compressed Oops: Enabled (32-bit)
 Heap Region Size: 1M
 Heap Min Capacity: 256M
 Heap Initial Capacity: 256M
 Heap Max Capacity: 512M
 Pre-touch: Disabled
 Parallel Workers: 4
 Concurrent Workers: 1
 Concurrent Refinement Workers: 4
 Periodic GC: Disabled
Heap:
 garbage-first heap   total 275456K, used 160597K [0x00000000e0000000, 0x0000000100000000)
  region size 1024K, 11 young (11264K), 1 survivors (1024K)
 Metaspace       used 75627K, committed 77632K, reserved 344064K
  class space    used 10113K, committed 11136K, reserved 212992K
GC Heap History (20 events):
Event: 6.436 GC heap after
{Heap after GC invocations=6 (full 0):
 garbage-first heap   total 262144K, used 41804K [0x00000000e0000000, 0x0000000100000000)
  region size 1024K, 9 young (9216K), 9 survivors (9216K)
 Metaspace       used 34624K, committed 35904K, reserved 278528K
  class space    used 4838K, committed 5504K, reserved 212992K
}
Event: 6.460 GC heap before
{Heap before GC invocations=6 (full 0):
 garbage-first heap   total 262144K, used 42828K [0x00000000e0000000, 0x0000000100000000)
  region size 1024K, 11 young (11264K), 9 survivors (9216K)
 Metaspace       used 34752K, committed 35968K, reserved 278528K
  class space    used 4862K, committed 5504K, reserved 212992K
}
Event: 6.471 GC heap after
{Heap after GC invocations=7 (full 0):
 garbage-first heap   total 262144K, used 40990K [0x00000000e0000000, 0x0000000100000000)
  region size 1024K, 8 young (8192K), 8 survivors (8192K)
 Metaspace       used 34752K, committed 35968K, reserved 278528K
  class space    used 4862K, committed 5504K, reserved 212992K
}
Event: 9.280 GC heap before
{Heap before GC invocations=8 (full 0):
 garbage-first heap   total 262144K, used 248862K [0x00000000e0000000, 0x0000000100000000)
  region size 1024K, 153 young (156672K), 8 survivors (8192K)
 Metaspace       used 48779K, committed 50496K, reserved 278528K
  class space    used 6874K, committed 7744K, reserved 212992K
}
Event: 9.312 GC heap after
{Heap after GC invocations=9 (full 0):
 garbage-first heap   total 275456K, used 116997K [0x00000000e0000000, 0x0000000100000000)
  region size 1024K, 20 young (20480K), 20 survivors (20480K)
 Metaspace       used 48779K, committed 50496K, reserved 278528K
  class space    used 6874K, committed 7744K, reserved 212992K
}
Event: 11.483 GC heap before
{Heap before GC invocations=9 (full 0):
 garbage-first heap   total 275456K, used 217349K [0x00000000e0000000, 0x0000000100000000)
  region size 1024K, 118 young (120832K), 20 survivors (20480K)
 Metaspace       used 55112K, committed 56960K, reserved 278528K
  class space    used 7682K, committed 8640K, reserved 212992K
}
Event: 11.522 GC heap after
{Heap after GC invocations=10 (full 0):
 garbage-first heap   total 275456K, used 124928K [0x00000000e0000000, 0x0000000100000000)
  region size 1024K, 7 young (7168K), 7 survivors (7168K)
 Metaspace       used 55112K, committed 56960K, reserved 278528K
  class space    used 7682K, committed 8640K, reserved 212992K
}
Event: 12.673 GC heap before
{Heap before GC invocations=10 (full 0):
 garbage-first heap   total 275456K, used 221184K [0x00000000e0000000, 0x0000000100000000)
  region size 1024K, 101 young (103424K), 7 survivors (7168K)
 Metaspace       used 56054K, committed 57856K, reserved 278528K
  class space    used 7711K, committed 8640K, reserved 212992K
}
Event: 12.688 GC heap after
{Heap after GC invocations=11 (full 0):
 garbage-first heap   total 275456K, used 129901K [0x00000000e0000000, 0x0000000100000000)
  region size 1024K, 4 young (4096K), 4 survivors (4096K)
 Metaspace       used 56054K, committed 57856K, reserved 278528K
  class space    used 7711K, committed 8640K, reserved 212992K
}
Event: 13.795 GC heap before
{Heap before GC invocations=11 (full 0):
 garbage-first heap   total 275456K, used 212845K [0x00000000e0000000, 0x0000000100000000)
  region size 1024K, 86 young (88064K), 4 survivors (4096K)
 Metaspace       used 58542K, committed 60416K, reserved 278528K
  class space    used 8049K, committed 9024K, reserved 212992K
}
Event: 13.808 GC heap after
{Heap after GC invocations=12 (full 0):
 garbage-first heap   total 275456K, used 136072K [0x00000000e0000000, 0x0000000100000000)
  region size 1024K, 10 young (10240K), 10 survivors (10240K)
 Metaspace       used 58542K, committed 60416K, reserved 278528K
  class space    used 8049K, committed 9024K, reserved 212992K
}
Event: 214.466 GC heap before
{Heap before GC invocations=13 (full 0):
 garbage-first heap   total 275456K, used 225160K [0x00000000e0000000, 0x0000000100000000)
  region size 1024K, 98 young (100352K), 10 survivors (10240K)
 Metaspace       used 66640K, committed 68672K, reserved 278528K
  class space    used 9111K, committed 10176K, reserved 212992K
}
Event: 214.487 GC heap after
{Heap after GC invocations=14 (full 0):
 garbage-first heap   total 275456K, used 142404K [0x00000000e0000000, 0x0000000100000000)
  region size 1024K, 13 young (13312K), 13 survivors (13312K)
 Metaspace       used 66640K, committed 68672K, reserved 278528K
  class space    used 9111K, committed 10176K, reserved 212992K
}
Event: 214.515 GC heap before
{Heap before GC invocations=14 (full 0):
 garbage-first heap   total 275456K, used 143428K [0x00000000e0000000, 0x0000000100000000)
  region size 1024K, 14 young (14336K), 13 survivors (13312K)
 Metaspace       used 66642K, committed 68672K, reserved 278528K
  class space    used 9111K, committed 10176K, reserved 212992K
}
Event: 214.538 GC heap after
{Heap after GC invocations=15 (full 0):
 garbage-first heap   total 275456K, used 142893K [0x00000000e0000000, 0x0000000100000000)
  region size 1024K, 2 young (2048K), 2 survivors (2048K)
 Metaspace       used 66642K, committed 68672K, reserved 278528K
  class space    used 9111K, committed 10176K, reserved 212992K
}
Event: 217.340 GC heap before
{Heap before GC invocations=15 (full 0):
 garbage-first heap   total 275456K, used 225837K [0x00000000e0000000, 0x0000000100000000)
  region size 1024K, 84 young (86016K), 2 survivors (2048K)
 Metaspace       used 75363K, committed 77376K, reserved 344064K
  class space    used 10108K, committed 11136K, reserved 212992K
}
Event: 217.350 GC heap after
{Heap after GC invocations=16 (full 0):
 garbage-first heap   total 275456K, used 147981K [0x00000000e0000000, 0x0000000100000000)
  region size 1024K, 7 young (7168K), 7 survivors (7168K)
 Metaspace       used 75363K, committed 77376K, reserved 344064K
  class space    used 10108K, committed 11136K, reserved 212992K
}
Event: 219.969 GC heap before
{Heap before GC invocations=17 (full 0):
 garbage-first heap   total 275456K, used 226829K [0x00000000e0000000, 0x0000000100000000)
  region size 1024K, 84 young (86016K), 7 survivors (7168K)
 Metaspace       used 75620K, committed 77632K, reserved 344064K
  class space    used 10113K, committed 11136K, reserved 212992K
}
Event: 219.984 GC heap after
{Heap after GC invocations=18 (full 0):
 garbage-first heap   total 275456K, used 150357K [0x00000000e0000000, 0x0000000100000000)
  region size 1024K, 3 young (3072K), 3 survivors (3072K)
 Metaspace       used 75620K, committed 77632K, reserved 344064K
  class space    used 10113K, committed 11136K, reserved 212992K
}
Event: 220.022 GC heap before
{Heap before GC invocations=18 (full 0):
 garbage-first heap   total 275456K, used 160597K [0x00000000e0000000, 0x0000000100000000)
  region size 1024K, 13 young (13312K), 3 survivors (3072K)
 Metaspace       used 75627K, committed 77632K, reserved 344064K
  class space    used 10113K, committed 11136K, reserved 212992K
}

